Arguments: 
  /home/hsuk/.nvm/versions/node/v14.18.2/bin/node /usr/bin/yarn

PATH: 
  /home/hsuk/.sdkman/candidates/gradle/current/bin:/home/hsuk/anaconda3/bin:/home/hsuk/anaconda3/condabin:/home/hsuk/.nvm/versions/node/v14.18.2/bin:/home/hsuk/.yarn/bin:/home/hsuk/.cargo/bin:/home/hsuk/.local/bin:/usr/local/sbin:/usr/local/bin:/usr/sbin:/usr/bin:/sbin:/bin:/usr/games:/usr/local/games:/snap/bin:/home/hsuk/.dotnet/tools:/home/hsuk/Android/Sdk/platform-tools:/home/hsuk/Android/Sdk/tools:/home/hsuk/Android/Sdk/tools/bin:/home/hsuk/Android/Sdk/emulator

Yarn version: 
  1.22.10

Node version: 
  14.18.2

Platform: 
  linux x64

Trace: 
  SyntaxError: /home/hsuk/Bureau/etienneapp/package.json: Unexpected token } in JSON at position 3987
      at JSON.parse (<anonymous>)
      at /usr/lib/node_modules/yarn/lib/cli.js:1625:59
      at Generator.next (<anonymous>)
      at step (/usr/lib/node_modules/yarn/lib/cli.js:310:30)
      at /usr/lib/node_modules/yarn/lib/cli.js:321:13

npm manifest: 
  {
    "name": "etienneapp",
    "version": "0.1.0",
    "homepage": "./",
    "private": true,
    "scripts": {
      "start": "node scripts/start.js",
      "build": "node scripts/build.js",
      "test": "node scripts/test.js",
      "w:build": "cross-env BUILD_PATH='./dist/webapp' react-scripts build",
      "create:cordova": "cordova create tutomuiapp com.exemple.tutomuiapp TutoMuiApp && cp ./tutomuiapp/config.xml ./",
      "build:cordova": "npm run build && cordova platform add android",
      "emulate:cordova": "cordova emulate android",
      "clean:cordova": "rm -r ./www ./tutomuiapp ./platforms config.xml"
    },
    "dependencies": {
      "@babel/core": "^7.16.0",
      "@pmmmwh/react-refresh-webpack-plugin": "^0.5.3",
      "@svgr/webpack": "^5.5.0",
      "@testing-library/jest-dom": "^5.16.2",
      "@testing-library/react": "^11.2.7",
      "@testing-library/user-event": "^12.8.3",
      "babel-jest": "^27.4.2",
      "babel-loader": "^8.2.3",
      "babel-plugin-named-asset-import": "^0.3.8",
      "babel-preset-react-app": "^10.0.1",
      "bfj": "^7.0.2",
      "browserslist": "^4.18.1",
      "camelcase": "^6.2.1",
      "case-sensitive-paths-webpack-plugin": "^2.4.0",
      "css-loader": "^6.5.1",
      "css-minimizer-webpack-plugin": "^3.2.0",
      "dotenv": "^10.0.0",
      "dotenv-expand": "^5.1.0",
      "eslint": "^8.3.0",
      "eslint-config-react-app": "^7.0.0",
      "eslint-webpack-plugin": "^3.1.1",
      "file-loader": "^6.2.0",
      "fs-extra": "^10.0.0",
      "html-webpack-plugin": "^5.5.0",
      "identity-obj-proxy": "^3.0.0",
      "jest": "^27.4.3",
      "jest-resolve": "^27.4.2",
      "jest-watch-typeahead": "^1.0.0",
      "mini-css-extract-plugin": "^2.4.5",
      "postcss": "^8.4.4",
      "postcss-flexbugs-fixes": "^5.0.2",
      "postcss-loader": "^6.2.1",
      "postcss-normalize": "^10.0.1",
      "postcss-preset-env": "^7.0.1",
      "prompts": "^2.4.2",
      "react": "^17.0.2",
      "react-app-polyfill": "^3.0.0",
      "react-dev-utils": "^12.0.0",
      "react-dom": "^17.0.2",
      "react-refresh": "^0.11.0",
      "resolve": "^1.20.0",
      "resolve-url-loader": "^4.0.0",
      "sass-loader": "^12.3.0",
      "semver": "^7.3.5",
      "source-map-loader": "^3.0.0",
      "style-loader": "^3.3.1",
      "tailwindcss": "^3.0.2",
      "terser-webpack-plugin": "^5.2.5",
      "web-vitals": "^0.2.4",
      "webpack": "^5.64.4",
      "webpack-dev-server": "^4.6.0",
      "webpack-manifest-plugin": "^4.0.2",
      "workbox-background-sync": "^5.1.4",
      "workbox-broadcast-update": "^5.1.4",
      "workbox-cacheable-response": "^5.1.4",
      "workbox-core": "^5.1.4",
      "workbox-expiration": "^5.1.4",
      "workbox-google-analytics": "^5.1.4",
      "workbox-navigation-preload": "^5.1.4",
      "workbox-precaching": "^5.1.4",
      "workbox-range-requests": "^5.1.4",
      "workbox-routing": "^5.1.4",
      "workbox-strategies": "^5.1.4",
      "workbox-streams": "^5.1.4",
      "workbox-webpack-plugin": "^6.4.1",
      "@devexpress/dx-react-core": "2.7.6",
      "@emotion/react": "^11.7.1",
      "@emotion/styled": "^11.6.0",
      "@iconify/icons-ant-design": "^1.1.1",
      "@iconify/icons-eva": "^1.1.0",
      "@iconify/icons-ic": "^1.1.10",
      "@iconify/react": "^3.1.3",
      "@material-ui/core": "^5.0.0-beta.5",
      "@material-ui/icons": "^4.11.2",
      "@material-ui/lab": "^4.0.0-alpha.60",
      "@mui/icons-material": "^5.3.1",
      "@mui/lab": "^5.0.0-alpha.66",
      "@mui/material": "^5.3.0",
      "@mui/styles": "^5.3.0",
      "@mui/utils": "^5.0.0",
      "@mui/x-data-grid": "^5.3.0",
      "@mui/x-data-grid-generator": "^5.3.0",
      "@mui/x-data-grid-pro": "^5.4.0",
      "@sweetalert2/theme-material-ui": "^5.0.8",
      "axios": "^0.24.0",
      "css-mediaquery": "^0.1.2",
      "date-fns": "^2.28.0",
      "dateformat": "^5.0.3",
      "devextreme": "21.2.5",
      "devextreme-react": "21.2.5",
      "jwt-decode": "^3.1.2",
      "moment": "^2.29.1",
      "notistack": "^2.0.3",
      "prop-types": "^15.8.1",
      "react-number-format": "^4.9.1",
      "react-redux": "^7.2.6",
      "react-router-dom": "^6.2.1",
      "react-scripts": "5.0.0",
    },
    "devDependencies": {
      "cross-env": "^7.0.3",
      "electron": "^17.1.0",
      "electron-builder": "^22.14.13",
      "electron-is-dev": "^2.0.0",
      "electronmon": "^2.0.2",
      "redux-devtools-extension": "^2.13.9",
      "redux-thunk": "^2.4.1",
      "wait-on": "^6.0.1"
    },
    "eslintConfig": {
      "extends": [
        "react-app",
        "react-app/jest"
      ]
    },
    "browserslist": {
      "production": [
        ">0.2%",
        "not dead",
        "not op_mini all"
      ],
      "development": [
        "last 1 chrome version",
        "last 1 firefox version",
        "last 1 safari version"
      ]
    },
    "jest": {
      "roots": [
        "<rootDir>/src"
      ],
      "collectCoverageFrom": [
        "src/**/*.{js,jsx,ts,tsx}",
        "!src/**/*.d.ts"
      ],
      "setupFiles": [
        "react-app-polyfill/jsdom"
      ],
      "setupFilesAfterEnv": [
        "<rootDir>/src/setupTests.js"
      ],
      "testMatch": [
        "<rootDir>/src/**/__tests__/**/*.{js,jsx,ts,tsx}",
        "<rootDir>/src/**/*.{spec,test}.{js,jsx,ts,tsx}"
      ],
      "testEnvironment": "jsdom",
      "transform": {
        "^.+\\.(js|jsx|mjs|cjs|ts|tsx)$": "<rootDir>/config/jest/babelTransform.js",
        "^.+\\.css$": "<rootDir>/config/jest/cssTransform.js",
        "^(?!.*\\.(js|jsx|mjs|cjs|ts|tsx|css|json)$)": "<rootDir>/config/jest/fileTransform.js"
      },
      "transformIgnorePatterns": [
        "[/\\\\]node_modules[/\\\\].+\\.(js|jsx|mjs|cjs|ts|tsx)$",
        "^.+\\.module\\.(css|sass|scss)$"
      ],
      "modulePaths": [],
      "moduleNameMapper": {
        "^react-native$": "react-native-web",
        "^.+\\.module\\.(css|sass|scss)$": "identity-obj-proxy"
      },
      "moduleFileExtensions": [
        "web.js",
        "js",
        "web.ts",
        "ts",
        "web.tsx",
        "tsx",
        "json",
        "web.jsx",
        "jsx",
        "node"
      ],
      "watchPlugins": [
        "jest-watch-typeahead/filename",
        "jest-watch-typeahead/testname"
      ],
      "resetMocks": true
    },
    "babel": {
      "presets": [
        "react-app"
      ]
    }
  }

yarn manifest: 
  No manifest

Lockfile: 
  No lockfile
